<?xml version="1.0" encoding="UTF-8"?>
<!-- Generated by org.testng.reporters.JUnitXMLReporter -->
<testsuite ignored="2" hostname="DEV-LTP-461" failures="0" tests="2" name="Test" time="3.559" errors="0" timestamp="02 Jun 2024 16:22:19 GMT">
  <testcase classname="example.example.tests.BaseTest" name="@BeforeClass setup" time="2.781">
    <failure type="org.openqa.selenium.SessionNotCreatedException" message="session not created: This version of ChromeDriver only supports Chrome version 114
Current browser version is 125.0.6422.113 with binary path C:\Program Files (x86)\Google\Chrome\Application\chrome.exe
Build info: version: &amp;apos;3.141.59&amp;apos;, revision: &amp;apos;e82be7d358&amp;apos;, time: &amp;apos;2018-11-14T08:17:03&amp;apos;
System info: host: &amp;apos;DEV-LTP-461&amp;apos;, ip: &amp;apos;192.168.100.3&amp;apos;, os.name: &amp;apos;Windows 10&amp;apos;, os.arch: &amp;apos;amd64&amp;apos;, os.version: &amp;apos;10.0&amp;apos;, java.version: &amp;apos;11.0.18&amp;apos;
Driver info: driver.version: ChromeDriver
remote stacktrace: Backtrace:
	GetHandleVerifier [0x0087A813+48355]
	(No symbol) [0x0080C4B1]
	(No symbol) [0x00715358]
	(No symbol) [0x007361AC]
	(No symbol) [0x00731EF3]
	(No symbol) [0x00730579]
	(No symbol) [0x00760C55]
	(No symbol) [0x0076093C]
	(No symbol) [0x0075A536]
	(No symbol) [0x007382DC]
	(No symbol) [0x007393DD]
	GetHandleVerifier [0x00ADAABD+2539405]
	GetHandleVerifier [0x00B1A78F+2800735]
	GetHandleVerifier [0x00B1456C+2775612]
	GetHandleVerifier [0x009051E0+616112]
	(No symbol) [0x00815F8C]
	(No symbol) [0x00812328]
	(No symbol) [0x0081240B]
	(No symbol) [0x00804FF7]
	BaseThreadInitThunk [0x75E5FCC9+25]
	RtlGetAppContainerNamedObjectPath [0x77717C5E+286]
	RtlGetAppContainerNamedObjectPath [0x77717C2E+238]
">
      <![CDATA[org.openqa.selenium.SessionNotCreatedException: session not created: This version of ChromeDriver only supports Chrome version 114
Current browser version is 125.0.6422.113 with binary path C:\Program Files (x86)\Google\Chrome\Application\chrome.exe
Build info: version: '3.141.59', revision: 'e82be7d358', time: '2018-11-14T08:17:03'
System info: host: 'DEV-LTP-461', ip: '192.168.100.3', os.name: 'Windows 10', os.arch: 'amd64', os.version: '10.0', java.version: '11.0.18'
Driver info: driver.version: ChromeDriver
remote stacktrace: Backtrace:
GetHandleVerifier [0x0087A813+48355]
(No symbol) [0x0080C4B1]
(No symbol) [0x00715358]
(No symbol) [0x007361AC]
(No symbol) [0x00731EF3]
(No symbol) [0x00730579]
(No symbol) [0x00760C55]
(No symbol) [0x0076093C]
(No symbol) [0x0075A536]
(No symbol) [0x007382DC]
(No symbol) [0x007393DD]
GetHandleVerifier [0x00ADAABD+2539405]
GetHandleVerifier [0x00B1A78F+2800735]
GetHandleVerifier [0x00B1456C+2775612]
GetHandleVerifier [0x009051E0+616112]
(No symbol) [0x00815F8C]
(No symbol) [0x00812328]
(No symbol) [0x0081240B]
(No symbol) [0x00804FF7]
BaseThreadInitThunk [0x75E5FCC9+25]
RtlGetAppContainerNamedObjectPath [0x77717C5E+286]
RtlGetAppContainerNamedObjectPath [0x77717C2E+238]

at org.openqa.selenium.remote.W3CHandshakeResponse.lambda$errorHandler$0(W3CHandshakeResponse.java:62)
at org.openqa.selenium.remote.HandshakeResponse.lambda$getResponseFunction$0(HandshakeResponse.java:30)
at org.openqa.selenium.remote.ProtocolHandshake.lambda$createSession$0(ProtocolHandshake.java:126)
at java.base/java.util.stream.ReferencePipeline$3$1.accept(ReferencePipeline.java:195)
at java.base/java.util.Spliterators$ArraySpliterator.tryAdvance(Spliterators.java:958)
at java.base/java.util.stream.ReferencePipeline.forEachWithCancel(ReferencePipeline.java:127)
at java.base/java.util.stream.AbstractPipeline.copyIntoWithCancel(AbstractPipeline.java:502)
at java.base/java.util.stream.AbstractPipeline.copyInto(AbstractPipeline.java:488)
at java.base/java.util.stream.AbstractPipeline.wrapAndCopyInto(AbstractPipeline.java:474)
at java.base/java.util.stream.FindOps$FindOp.evaluateSequential(FindOps.java:150)
at java.base/java.util.stream.AbstractPipeline.evaluate(AbstractPipeline.java:234)
at java.base/java.util.stream.ReferencePipeline.findFirst(ReferencePipeline.java:543)
at org.openqa.selenium.remote.ProtocolHandshake.createSession(ProtocolHandshake.java:128)
at org.openqa.selenium.remote.ProtocolHandshake.createSession(ProtocolHandshake.java:74)
at org.openqa.selenium.remote.HttpCommandExecutor.execute(HttpCommandExecutor.java:136)
at org.openqa.selenium.remote.service.DriverCommandExecutor.execute(DriverCommandExecutor.java:83)
at org.openqa.selenium.remote.RemoteWebDriver.execute(RemoteWebDriver.java:552)
at org.openqa.selenium.remote.RemoteWebDriver.startSession(RemoteWebDriver.java:213)
at org.openqa.selenium.remote.RemoteWebDriver.<init>(RemoteWebDriver.java:131)
at org.openqa.selenium.chrome.ChromeDriver.<init>(ChromeDriver.java:181)
at org.openqa.selenium.chrome.ChromeDriver.<init>(ChromeDriver.java:168)
at org.openqa.selenium.chrome.ChromeDriver.<init>(ChromeDriver.java:157)
at example.example.tests.BaseTest.setup(BaseTest.java:72)
at java.base/java.util.concurrent.ThreadPoolExecutor.runWorker(ThreadPoolExecutor.java:1128)
at java.base/java.util.concurrent.ThreadPoolExecutor$Worker.run(ThreadPoolExecutor.java:628)
at java.base/java.lang.Thread.run(Thread.java:834)
... Removed 15 stack frames]]>
    </failure>
  </testcase> <!-- @BeforeClass setup -->
  <testcase classname="example.example.tests.BaseTest" name="@AfterClass wrapUp" time="0.0">
    <skipped/>
  </testcase> <!-- @AfterClass wrapUp -->
  <testcase classname="example.example.tests.BaseTest" name="@BeforeClass setup" time="3.548">
    <failure type="org.openqa.selenium.SessionNotCreatedException" message="session not created: This version of ChromeDriver only supports Chrome version 114
Current browser version is 125.0.6422.113 with binary path C:\Program Files (x86)\Google\Chrome\Application\chrome.exe
Build info: version: &amp;apos;3.141.59&amp;apos;, revision: &amp;apos;e82be7d358&amp;apos;, time: &amp;apos;2018-11-14T08:17:03&amp;apos;
System info: host: &amp;apos;DEV-LTP-461&amp;apos;, ip: &amp;apos;192.168.100.3&amp;apos;, os.name: &amp;apos;Windows 10&amp;apos;, os.arch: &amp;apos;amd64&amp;apos;, os.version: &amp;apos;10.0&amp;apos;, java.version: &amp;apos;11.0.18&amp;apos;
Driver info: driver.version: ChromeDriver
remote stacktrace: Backtrace:
	GetHandleVerifier [0x0087A813+48355]
	(No symbol) [0x0080C4B1]
	(No symbol) [0x00715358]
	(No symbol) [0x007361AC]
	(No symbol) [0x00731EF3]
	(No symbol) [0x00730579]
	(No symbol) [0x00760C55]
	(No symbol) [0x0076093C]
	(No symbol) [0x0075A536]
	(No symbol) [0x007382DC]
	(No symbol) [0x007393DD]
	GetHandleVerifier [0x00ADAABD+2539405]
	GetHandleVerifier [0x00B1A78F+2800735]
	GetHandleVerifier [0x00B1456C+2775612]
	GetHandleVerifier [0x009051E0+616112]
	(No symbol) [0x00815F8C]
	(No symbol) [0x00812328]
	(No symbol) [0x0081240B]
	(No symbol) [0x00804FF7]
	BaseThreadInitThunk [0x75E5FCC9+25]
	RtlGetAppContainerNamedObjectPath [0x77717C5E+286]
	RtlGetAppContainerNamedObjectPath [0x77717C2E+238]
">
      <![CDATA[org.openqa.selenium.SessionNotCreatedException: session not created: This version of ChromeDriver only supports Chrome version 114
Current browser version is 125.0.6422.113 with binary path C:\Program Files (x86)\Google\Chrome\Application\chrome.exe
Build info: version: '3.141.59', revision: 'e82be7d358', time: '2018-11-14T08:17:03'
System info: host: 'DEV-LTP-461', ip: '192.168.100.3', os.name: 'Windows 10', os.arch: 'amd64', os.version: '10.0', java.version: '11.0.18'
Driver info: driver.version: ChromeDriver
remote stacktrace: Backtrace:
GetHandleVerifier [0x0087A813+48355]
(No symbol) [0x0080C4B1]
(No symbol) [0x00715358]
(No symbol) [0x007361AC]
(No symbol) [0x00731EF3]
(No symbol) [0x00730579]
(No symbol) [0x00760C55]
(No symbol) [0x0076093C]
(No symbol) [0x0075A536]
(No symbol) [0x007382DC]
(No symbol) [0x007393DD]
GetHandleVerifier [0x00ADAABD+2539405]
GetHandleVerifier [0x00B1A78F+2800735]
GetHandleVerifier [0x00B1456C+2775612]
GetHandleVerifier [0x009051E0+616112]
(No symbol) [0x00815F8C]
(No symbol) [0x00812328]
(No symbol) [0x0081240B]
(No symbol) [0x00804FF7]
BaseThreadInitThunk [0x75E5FCC9+25]
RtlGetAppContainerNamedObjectPath [0x77717C5E+286]
RtlGetAppContainerNamedObjectPath [0x77717C2E+238]

at org.openqa.selenium.remote.W3CHandshakeResponse.lambda$errorHandler$0(W3CHandshakeResponse.java:62)
at org.openqa.selenium.remote.HandshakeResponse.lambda$getResponseFunction$0(HandshakeResponse.java:30)
at org.openqa.selenium.remote.ProtocolHandshake.lambda$createSession$0(ProtocolHandshake.java:126)
at java.base/java.util.stream.ReferencePipeline$3$1.accept(ReferencePipeline.java:195)
at java.base/java.util.Spliterators$ArraySpliterator.tryAdvance(Spliterators.java:958)
at java.base/java.util.stream.ReferencePipeline.forEachWithCancel(ReferencePipeline.java:127)
at java.base/java.util.stream.AbstractPipeline.copyIntoWithCancel(AbstractPipeline.java:502)
at java.base/java.util.stream.AbstractPipeline.copyInto(AbstractPipeline.java:488)
at java.base/java.util.stream.AbstractPipeline.wrapAndCopyInto(AbstractPipeline.java:474)
at java.base/java.util.stream.FindOps$FindOp.evaluateSequential(FindOps.java:150)
at java.base/java.util.stream.AbstractPipeline.evaluate(AbstractPipeline.java:234)
at java.base/java.util.stream.ReferencePipeline.findFirst(ReferencePipeline.java:543)
at org.openqa.selenium.remote.ProtocolHandshake.createSession(ProtocolHandshake.java:128)
at org.openqa.selenium.remote.ProtocolHandshake.createSession(ProtocolHandshake.java:74)
at org.openqa.selenium.remote.HttpCommandExecutor.execute(HttpCommandExecutor.java:136)
at org.openqa.selenium.remote.service.DriverCommandExecutor.execute(DriverCommandExecutor.java:83)
at org.openqa.selenium.remote.RemoteWebDriver.execute(RemoteWebDriver.java:552)
at org.openqa.selenium.remote.RemoteWebDriver.startSession(RemoteWebDriver.java:213)
at org.openqa.selenium.remote.RemoteWebDriver.<init>(RemoteWebDriver.java:131)
at org.openqa.selenium.chrome.ChromeDriver.<init>(ChromeDriver.java:181)
at org.openqa.selenium.chrome.ChromeDriver.<init>(ChromeDriver.java:168)
at org.openqa.selenium.chrome.ChromeDriver.<init>(ChromeDriver.java:157)
at example.example.tests.BaseTest.setup(BaseTest.java:72)
at java.base/java.util.concurrent.ThreadPoolExecutor.runWorker(ThreadPoolExecutor.java:1128)
at java.base/java.util.concurrent.ThreadPoolExecutor$Worker.run(ThreadPoolExecutor.java:628)
at java.base/java.lang.Thread.run(Thread.java:834)
... Removed 15 stack frames]]>
    </failure>
  </testcase> <!-- @BeforeClass setup -->
  <testcase classname="example.example.tests.BaseTest" name="@AfterClass wrapUp" time="0.0">
    <skipped/>
  </testcase> <!-- @AfterClass wrapUp -->
  <testcase classname="example.example.tests.GoogleSearchTest" name="Google search test" time="0.0">
    <skipped/>
  </testcase> <!-- Google search test -->
  <testcase classname="example.example.tests.FaceBookLoginTest" name="Facebook login test" time="0.0">
    <skipped/>
  </testcase> <!-- Facebook login test -->
  <testcase classname="example.example.tests.BaseTest" name="@AfterSuite wrapAllUp" time="0.0">
    <ignored/>
  </testcase> <!-- @AfterSuite wrapAllUp -->
  <testcase classname="example.example.tests.BaseTest" name="@BeforeSuite globalSetup" time="0.0">
    <ignored/>
  </testcase> <!-- @BeforeSuite globalSetup -->
</testsuite> <!-- Test -->
